Sat, 02 Dec 2017 11:51:06 GMT GET /dev55 404 4.525 ms
Sat, 02 Dec 2017 11:51:18 GMT GET /dev55 404 9.628 ms
Sat, 02 Dec 2017 12:07:55 GMT GET /business 500 127.657 ms
Sat, 02 Dec 2017 12:11:22 GMT GET /business 500 306.776 ms
Sat, 02 Dec 2017 12:12:56 GMT GET /business 500 297.871 ms
Sat, 02 Dec 2017 12:12:57 GMT GET /business 500 106.183 ms
Sat, 02 Dec 2017 12:43:15 GMT GET /design 500 313.835 ms
Sun, 03 Dec 2017 08:30:41 GMT GET /favicon.ico 404 7.796 ms
Sun, 03 Dec 2017 08:30:51 GMT GET /design 500 131.112 ms
Sun, 03 Dec 2017 08:30:53 GMT GET /business 500 98.795 ms
Sun, 03 Dec 2017 08:31:00 GMT GET /dev 500 69.825 ms
Sun, 03 Dec 2017 08:31:03 GMT GET /design 500 61.533 ms
Sun, 03 Dec 2017 08:34:18 GMT GET /business 500 58.553 ms
Sun, 03 Dec 2017 09:49:16 GMT GET /favicon.ico 404 6.302 ms
Sun, 03 Dec 2017 11:47:01 GMT GET / 500 188.810 ms
Sun, 03 Dec 2017 11:47:01 GMT GET /favicon.ico 500 6.104 ms
Sun, 03 Dec 2017 11:47:31 GMT GET / 500 151.273 ms
Sun, 03 Dec 2017 11:47:31 GMT GET /favicon.ico 500 6.062 ms
Sun, 03 Dec 2017 11:50:13 GMT GET /favicon.ico 404 5.740 ms
Sun, 03 Dec 2017 11:50:27 GMT GET /admin 500 121.089 ms
Sun, 03 Dec 2017 11:51:01 GMT GET /admin 500 279.492 ms
Sun, 03 Dec 2017 11:51:49 GMT GET /admin 500 274.049 ms
Sun, 03 Dec 2017 11:52:06 GMT GET /admin 500 165.170 ms
Sun, 03 Dec 2017 11:52:50 GMT GET /admin 500 51.535 ms
Sun, 03 Dec 2017 11:53:22 GMT GET /admin 500 49.064 ms
Sun, 03 Dec 2017 11:54:03 GMT GET /admin 500 44.194 ms
Sun, 03 Dec 2017 11:55:02 GMT GET /admin 500 32.960 ms
Sun, 03 Dec 2017 12:00:11 GMT POST /admin/post 500 1.720 ms
Sun, 03 Dec 2017 12:00:42 GMT POST /admin/login 500 2.942 ms
Sun, 03 Dec 2017 12:04:33 GMT POST /admin/login 500 5.093 ms
Sun, 03 Dec 2017 12:05:46 GMT POST /admin/login 500 4.981 ms
Sun, 03 Dec 2017 12:06:04 GMT POST /admin/login 500 5.516 ms
Sun, 03 Dec 2017 12:25:53 GMT POST /admin/logout 500 3.526 ms
Sun, 03 Dec 2017 12:28:18 GMT GET /www.baidu.com 404 6.998 ms
Sun, 03 Dec 2017 12:41:10 GMT GET /design 500 170.444 ms
Sun, 03 Dec 2017 12:53:38 GMT GET /favicon.ico 404 6.981 ms
Sun, 03 Dec 2017 13:25:47 GMT POST /admin/post 500 32.068 ms
Sun, 03 Dec 2017 13:26:07 GMT POST /admin/post 500 4.917 ms
Sun, 03 Dec 2017 13:26:37 GMT POST /admin/post 500 9.974 ms
Sun, 03 Dec 2017 13:28:23 GMT GET /admin/post 404 153.209 ms
Sun, 03 Dec 2017 13:45:57 GMT GET /favicon.ico 404 4.630 ms
Sun, 03 Dec 2017 14:00:40 GMT GET /list 404 23.712 ms
Sun, 03 Dec 2017 14:00:51 GMT GET /admin/list 500 12.795 ms
Sun, 03 Dec 2017 14:01:02 GMT GET /admin/list 500 8.785 ms
Sun, 03 Dec 2017 14:19:21 GMT GET /admin/list 500 232.382 ms
Sun, 03 Dec 2017 14:19:39 GMT GET /admin/list 500 203.159 ms
Sun, 03 Dec 2017 14:20:26 GMT GET /admin/list 500 47.215 ms
Sun, 03 Dec 2017 14:23:03 GMT GET /admin/list 500 51.146 ms
Sun, 03 Dec 2017 14:23:42 GMT GET /admin/list 500 46.578 ms
Sun, 03 Dec 2017 14:24:06 GMT GET /admin/list 500 30.329 ms
Sun, 03 Dec 2017 14:28:46 GMT GET /admin/list 500 26.810 ms
Sun, 03 Dec 2017 14:39:49 GMT GET /admin/list 500 123.932 ms
Sun, 03 Dec 2017 14:45:20 GMT GET /admin/list 500 126.456 ms
Sun, 03 Dec 2017 14:48:43 GMT GET /admin/list 500 91.086 ms
Sun, 03 Dec 2017 14:50:12 GMT GET /admin/list 500 64.796 ms
Sun, 03 Dec 2017 14:51:48 GMT GET /admin/list 500 59.669 ms
Sun, 03 Dec 2017 14:56:40 GMT GET /admin/list 500 63.322 ms
Sun, 03 Dec 2017 15:00:47 GMT GET /admin/list 500 63.960 ms
Sun, 03 Dec 2017 15:01:02 GMT GET /admin/list 500 58.719 ms
Sun, 03 Dec 2017 15:02:15 GMT GET /admin/list 500 68.847 ms
Sun, 03 Dec 2017 15:05:08 GMT GET /admin/list 500 94.774 ms
Sun, 03 Dec 2017 15:07:23 GMT GET /admin/list 500 45.287 ms
Sun, 03 Dec 2017 15:07:46 GMT GET /admin/list 500 41.956 ms
Sun, 03 Dec 2017 15:08:52 GMT GET /admin/list 500 64.455 ms
Sun, 03 Dec 2017 15:15:38 GMT GET /admin/link/5a23fff453fd1f525060b7ef 500 8.286 ms
>>>>>>> 01784630c973d8e47cc83e6eff3a20506ead9ce2
